<?xml version="1.0" encoding="UTF-8"?>
<TestRun id="406a17b9-b487-48a8-b312-6236a6cccfd9" name="admssawa@TSRV-WIN-ESI-02 2017-12-01 15:10:51" runUser="UTVIKLING\admssawa" xmlns="http://microsoft.com/schemas/VisualStudio/TeamTest/2010">
  <TestSettings name="Local" id="7244df3a-b8d4-4d35-867d-f75e916781e3">
    <Description>These are default test settings for a local test run.</Description>
    <Deployment runDeploymentRoot="admssawa_TSRV-WIN-ESI-02 2017-12-01 15_10_51">
      <DeploymentItem filename="C:\ytelse\WebAndLoadTestProject\packages\MSTest.TestFramework.1.1.18\lib\net45\Microsoft.VisualStudio.TestPlatform.TestFramework.dll" />
      <DeploymentItem filename="C:\ytelse\WebAndLoadTestProject\packages\MSTest.TestFramework.1.1.18\lib\net45\Microsoft.VisualStudio.TestPlatform.TestFramework.Extensions.dll" />
      <DeploymentItem filename="C:\ytelse\WebAndLoadTestProject\packages\OWASPZAPDotNetAPI.2.6.1\lib\OWASPZAPDotNetAPI.dll" />
    </Deployment>
    <Execution hostProcessPlatform="MSIL">
      <Hosts skipUnhostableTests="false">
        <VSSDKTestHostRunConfig name="VS IDE" HiveKind="DevEnv" HiveName="15.0" xmlns="http://microsoft.com/schemas/VisualStudio/SDK/Tools/IdeHostAdapter/2006/06" />
      </Hosts>
      <TestTypeSpecific>
        <UnitTestRunConfig testTypeId="13cdc9d9-ddb5-4fa4-a97d-d965ccfc6d4b">
          <AssemblyResolution applicationBaseDirectory="%HOMEDRIVE%\repo\Portal\config">
            <TestDirectory useLoadContext="true" />
          </AssemblyResolution>
        </UnitTestRunConfig>
        <WebTestRunConfiguration testTypeId="4e7599fa-5ecb-43e9-a887-cd63cf72d207">
          <Browser name="Chrome 2" MaxConnections="6">
            <Headers>
              <Header name="User-Agent" value="Mozilla/5.0 (Windows; U; Windows NT 5.1;) AppleWebKit/530.1 (KHTML, like Gecko) Chrome/2.0.169.1 Safari/530.1" />
              <Header name="Accept" value="*/*" />
              <Header name="Accept-Language" value="{{$IEAcceptLanguage}}" />
              <Header name="Accept-Encoding" value="gzip,deflate" />
              <Header name="Accept-Charset" value="ISO-8859-1,*,utf-8" />
            </Headers>
          </Browser>
        </WebTestRunConfiguration>
      </TestTypeSpecific>
      <AgentRule name="LocalMachineDefaultRole">
        <DataCollectors>
          <DataCollector uri="datacollector://microsoft/HttpProxy/1.0" assemblyQualifiedName="Microsoft.VisualStudio.TraceCollector.HttpProxyCollector, Microsoft.VisualStudio.TraceCollector, Version=15.0.0.0, Culture=neutral, PublicKeyToken=b03f5f7f11d50a3a" friendlyName="ASP.NET Client Proxy for IntelliTrace and Test Impact">
          </DataCollector>
          <DataCollector uri="datacollector://microsoft/AspNetProfiler/1.0" assemblyQualifiedName="Microsoft.VisualStudio.PerformanceTools.DataCollection.AspNetProfileDataCollector, Microsoft.VisualStudio.PerformanceTools.DataCollection, Version=15.0.0.0, Culture=neutral, PublicKeyToken=b03f5f7f11d50a3a" friendlyName="ASP.NET Profiler">
          </DataCollector>
          <DataCollector uri="datacollector://microsoft/EventLog/1.0" assemblyQualifiedName="Microsoft.VisualStudio.TestTools.DataCollection.EventLog.EventLogDataCollector, Microsoft.VisualStudio.TestTools.DataCollection.EventLog, Version=15.0.0.0, Culture=neutral, PublicKeyToken=b03f5f7f11d50a3a" friendlyName="Event Log">
          </DataCollector>
          <DataCollector uri="datacollector://microsoft/TraceDebugger/1.0" assemblyQualifiedName="Microsoft.VisualStudio.TraceCollector.TraceDebuggerDataCollector, Microsoft.VisualStudio.TraceCollector, Version=15.0.0.0, Culture=neutral, PublicKeyToken=b03f5f7f11d50a3a" friendlyName="IntelliTrace">
          </DataCollector>
          <DataCollector uri="datacollector://microsoft/NetworkEmulation/1.0" assemblyQualifiedName="Microsoft.VisualStudio.TestTools.DataCollection.NetworkEmulation.NetworkEmulationDataCollector, Microsoft.VisualStudio.TestTools.DataCollection.NetworkEmulation, Version=15.0.0.0, Culture=neutral, PublicKeyToken=b03f5f7f11d50a3a" friendlyName="Network Emulation">
          </DataCollector>
          <DataCollector uri="datacollector://microsoft/VideoRecorder/1.0" assemblyQualifiedName="Microsoft.VisualStudio.TestTools.DataCollection.VideoRecorder.VideoRecorderDataCollector, Microsoft.VisualStudio.TestTools.DataCollection.VideoRecorder, Version=15.0.0.0, Culture=neutral, PublicKeyToken=b03f5f7f11d50a3a" friendlyName="Screen and Voice Recorder">
          </DataCollector>
          <DataCollector uri="datacollector://microsoft/SystemInfo/1.0" assemblyQualifiedName="Microsoft.VisualStudio.TestTools.DataCollection.SystemInfo.SystemInfoDataCollector, Microsoft.VisualStudio.TestTools.DataCollection.SystemInfo, Version=15.0.0.0, Culture=neutral, PublicKeyToken=b03f5f7f11d50a3a" friendlyName="System Information">
          </DataCollector>
          <DataCollector uri="datacollector://microsoft/TestImpact/1.0" assemblyQualifiedName="Microsoft.VisualStudio.TraceCollector.TestImpactDataCollector, Microsoft.VisualStudio.TraceCollector, Version=15.0.0.0, Culture=neutral, PublicKeyToken=b03f5f7f11d50a3a" friendlyName="Test Impact">
          </DataCollector>
        </DataCollectors>
      </AgentRule>
    </Execution>
    <Properties>
      <Property name="TestSettingsUIType" value="UnitTest" />
    </Properties>
  </TestSettings>
  <Times creation="2017-12-01T15:10:51.4876401+01:00" queuing="2017-12-01T15:10:53.5197554+01:00" start="2017-12-01T15:11:00.5766925+01:00" finish="2017-12-01T15:11:17.1193891+01:00" />
  <ResultSummary outcome="Failed">
    <Counters total="1" executed="1" error="0" failed="1" timeout="0" aborted="0" inconclusive="0" passedButRunAborted="0" notRunnable="0" notExecuted="0" disconnected="0" warning="0" passed="0" completed="0" inProgress="0" pending="0" />
    <CollectorDataEntries>
      <Collector agentName="TSRV-WIN-ESI-02" uri="datacollector://microsoft/EventLog/1.0" collectorDisplayName="Event Log">
        <UriAttachments>
          <UriAttachment>
            <A href="TSRV-WIN-ESI-02\Event Log.xml">
            </A>
          </UriAttachment>
        </UriAttachments>
      </Collector>
      <Collector agentName="TSRV-WIN-ESI-02" uri="datacollector://microsoft/NetworkEmulation/1.0" collectorDisplayName="Network Emulation">
        <UriAttachments>
          <UriAttachment>
            <A href="TSRV-WIN-ESI-02\NetworkEmulation.xml">Network Emulation on TSRV-WIN-ESI-02</A>
          </UriAttachment>
        </UriAttachments>
      </Collector>
      <Collector agentName="TSRV-WIN-ESI-02" uri="datacollector://microsoft/SystemInfo/1.0" collectorDisplayName="System Information">
        <UriAttachments>
          <UriAttachment>
            <A href="TSRV-WIN-ESI-02\SystemInformation.xml">System Information from TSRV-WIN-ESI-02</A>
          </UriAttachment>
        </UriAttachments>
      </Collector>
    </CollectorDataEntries>
    <DataCollectorMessages>
      <DataCollectorMessage timestamp="2017-12-01T15:11:01.3027867+01:00" dataCollectorUri="datacollector://microsoft/VideoRecorder/1.0" dataCollectorFriendlyName="Screen and Voice Recorder" agentName="TSRV-WIN-ESI-02" level="Warning">
        <Text>The computer 'TSRV-WIN-ESI-02' has more than one display. By default, only the screen from the primary display will be recorded. Run your application in this display. To know the primary display, you can use the Screen Resolution applet in Control Panel.</Text>
      </DataCollectorMessage>
    </DataCollectorMessages>
  </ResultSummary>
  <TestDefinitions>
    <WebTest name="WebTest1" storage="c:\ytelse\webandloadtestproject\elsaapi\sak\webtest1.webtest" id="3aaaa632-e832-42e9-a39d-f9814f2e6ce7" persistedWebTest="77u/PD94bWwgdmVyc2lvbj0iMS4wIiBlbmNvZGluZz0iVVRGLTgiIHN0YW5kYWxvbmU9InllcyI/Pg0KPFdlYlRlc3QgTmFtZT0iV2ViVGVzdDEiIElkPSIzYWFhYTYzMi1lODMyLTQyZTktYTM5ZC1mOTgxNGYyZTZjZTciIE93bmVyPSIiIFByaW9yaXR5PSIyMTQ3NDgzNjQ3IiBFbmFibGVkPSJUcnVlIiBDc3NQcm9qZWN0U3RydWN0dXJlPSIiIENzc0l0ZXJhdGlvbj0iIiBUaW1lb3V0PSIwIiBXb3JrSXRlbUlkcz0iIiB4bWxucz0iaHR0cDovL21pY3Jvc29mdC5jb20vc2NoZW1hcy9WaXN1YWxTdHVkaW8vVGVhbVRlc3QvMjAxMCIgRGVzY3JpcHRpb249IiIgQ3JlZGVudGlhbFVzZXJOYW1lPSIiIENyZWRlbnRpYWxQYXNzd29yZD0iIiBQcmVBdXRoZW50aWNhdGU9IlRydWUiIFByb3h5PSJkZWZhdWx0IiBTdG9wT25FcnJvcj0iRmFsc2UiIFJlY29yZGVkUmVzdWx0RmlsZT0iV2ViVGVzdDEuMmM5OTI0YjAtZTVkOS00ZWRhLWIzMWItNjUyMzNjMDk5NWU2LnJlYy53ZWJ0ZXN0cmVzdWx0IiBSZXN1bHRzTG9jYWxlPSIiPg0KICA8SXRlbXM+DQogICAgPFJlcXVlc3QgTWV0aG9kPSJQT1NUIiBHdWlkPSI2ZWE2OWQ0ZC0xNDkxLTQ1YTUtOTA1OS0xZDVmNDI2NDhlZDIiIFZlcnNpb249IjEuMSIgVXJsPSJodHRwOi8vbG9jYWxob3N0OjM0MDU3L2FwaS9zYWsiIFRoaW5rVGltZT0iMCIgVGltZW91dD0iMzAwIiBQYXJzZURlcGVuZGVudFJlcXVlc3RzPSJUcnVlIiBGb2xsb3dSZWRpcmVjdHM9IlRydWUiIFJlY29yZFJlc3VsdD0iVHJ1ZSIgQ2FjaGU9IkZhbHNlIiBSZXNwb25zZVRpbWVHb2FsPSIwIiBFbmNvZGluZz0idXRmLTgiIEV4cGVjdGVkSHR0cFN0YXR1c0NvZGU9IjAiIEV4cGVjdGVkUmVzcG9uc2VVcmw9IiIgUmVwb3J0aW5nTmFtZT0iIiBJZ25vcmVIdHRwU3RhdHVzQ29kZT0iRmFsc2UiPg0KICAgICAgPEhlYWRlcnM+DQogICAgICAgIDxIZWFkZXIgTmFtZT0iQWNjZXB0IiBWYWx1ZT0iYXBwbGljYXRpb24vanNvbiIgLz4NCiAgICAgICAgPEhlYWRlciBOYW1lPSJSZWZlcmVyIiBWYWx1ZT0iaHR0cDovL2xvY2FsaG9zdDozNDA1Ny9hcGlkb2svIiAvPg0KICAgICAgPC9IZWFkZXJzPg0KICAgICAgPFN0cmluZ0h0dHBCb2R5IENvbnRlbnRUeXBlPSJhcHBsaWNhdGlvbi9qc29uIiBJbnNlcnRCeXRlT3JkZXJNYXJrPSJGYWxzZSI+ZXdBS0FDQUFJQUFpQUdZQWJnQnlBQ0lBT2dBZ0FDSUFNQUEyQURBQU1RQTRBREFBTXdBMUFEZ0FOUUF6QUNJQUxBQUtBQ0FBSUFBaUFITUFZUUJyQUhNQVZBQjVBSEFBWlFCSkFHUUFJZ0E2QUNBQU1BQXNBQW9BSUFBZ0FBb0FmUUE9PC9TdHJpbmdIdHRwQm9keT4NCiAgICA8L1JlcXVlc3Q+DQogIDwvSXRlbXM+DQogIDxWYWxpZGF0aW9uUnVsZXM+DQogICAgPFZhbGlkYXRpb25SdWxlIENsYXNzbmFtZT0iTWljcm9zb2Z0LlZpc3VhbFN0dWRpby5UZXN0VG9vbHMuV2ViVGVzdGluZy5SdWxlcy5WYWxpZGF0ZVJlc3BvbnNlVXJsLCBNaWNyb3NvZnQuVmlzdWFsU3R1ZGlvLlF1YWxpdHlUb29scy5XZWJUZXN0RnJhbWV3b3JrLCBWZXJzaW9uPTEwLjAuMC4wLCBDdWx0dXJlPW5ldXRyYWwsIFB1YmxpY0tleVRva2VuPWIwM2Y1ZjdmMTFkNTBhM2EiIERpc3BsYXlOYW1lPSJSZXNwb25zZSBVUkwiIERlc2NyaXB0aW9uPSJWYWxpZGF0ZXMgdGhhdCB0aGUgcmVzcG9uc2UgVVJMIGFmdGVyIHJlZGlyZWN0cyBhcmUgZm9sbG93ZWQgaXMgdGhlIHNhbWUgYXMgdGhlIHJlY29yZGVkIHJlc3BvbnNlIFVSTC4gIFF1ZXJ5U3RyaW5nIHBhcmFtZXRlcnMgYXJlIGlnbm9yZWQuIiBMZXZlbD0iTG93IiBFeGVjdHVpb25PcmRlcj0iQmVmb3JlRGVwZW5kZW50cyIgLz4NCiAgICA8VmFsaWRhdGlvblJ1bGUgQ2xhc3NuYW1lPSJNaWNyb3NvZnQuVmlzdWFsU3R1ZGlvLlRlc3RUb29scy5XZWJUZXN0aW5nLlJ1bGVzLlZhbGlkYXRpb25SdWxlUmVzcG9uc2VUaW1lR29hbCwgTWljcm9zb2Z0LlZpc3VhbFN0dWRpby5RdWFsaXR5VG9vbHMuV2ViVGVzdEZyYW1ld29yaywgVmVyc2lvbj0xMC4wLjAuMCwgQ3VsdHVyZT1uZXV0cmFsLCBQdWJsaWNLZXlUb2tlbj1iMDNmNWY3ZjExZDUwYTNhIiBEaXNwbGF5TmFtZT0iUmVzcG9uc2UgVGltZSBHb2FsIiBEZXNjcmlwdGlvbj0iVmFsaWRhdGVzIHRoYXQgdGhlIHJlc3BvbnNlIHRpbWUgZm9yIHRoZSByZXF1ZXN0IGlzIGxlc3MgdGhhbiBvciBlcXVhbCB0byB0aGUgcmVzcG9uc2UgdGltZSBnb2FsIGFzIHNwZWNpZmllZCBvbiB0aGUgcmVxdWVzdC4gIFJlc3BvbnNlIHRpbWUgZ29hbHMgb2YgemVybyB3aWxsIGJlIGlnbm9yZWQuIiBMZXZlbD0iTG93IiBFeGVjdHVpb25PcmRlcj0iQWZ0ZXJEZXBlbmRlbnRzIj4NCiAgICAgIDxSdWxlUGFyYW1ldGVycz4NCiAgICAgICAgPFJ1bGVQYXJhbWV0ZXIgTmFtZT0iVG9sZXJhbmNlIiBWYWx1ZT0iMCIgLz4NCiAgICAgIDwvUnVsZVBhcmFtZXRlcnM+DQogICAgPC9WYWxpZGF0aW9uUnVsZT4NCiAgPC9WYWxpZGF0aW9uUnVsZXM+DQo8L1dlYlRlc3Q+">
      <Execution id="3d4d7204-d070-4ddd-a484-4dd7c639f1b6" />
    </WebTest>
  </TestDefinitions>
  <TestLists>
    <TestList name="Results Not in a List" id="8c84fa94-04c1-424b-9868-57a2d4851a1d" />
    <TestList name="All Loaded Results" id="19431567-8539-422a-85d7-44ee4e166bda" />
  </TestLists>
  <TestEntries>
    <TestEntry isTransparent="false" testId="3aaaa632-e832-42e9-a39d-f9814f2e6ce7" executionId="3d4d7204-d070-4ddd-a484-4dd7c639f1b6" testListId="8c84fa94-04c1-424b-9868-57a2d4851a1d" />
  </TestEntries>
  <Results>
    <WebTestResult executionId="3d4d7204-d070-4ddd-a484-4dd7c639f1b6" testId="3aaaa632-e832-42e9-a39d-f9814f2e6ce7" testName="WebTest1" computerName="TSRV-WIN-ESI-02" duration="00:00:02.0168560" startTime="2017-12-01T15:11:01.3827959+01:00" endTime="2017-12-01T15:11:14.7085044+01:00" testType="4e7599fa-5ecb-43e9-a887-cd63cf72d207" outcome="Failed" testListId="8c84fa94-04c1-424b-9868-57a2d4851a1d" relativeResultsDirectory="3d4d7204-d070-4ddd-a484-4dd7c639f1b6">
      <Output>
        <ErrorInfo>
          <Message>1 primary requests, 0 dependant requests and 0 conditional rules failed</Message>
        </ErrorInfo>
      </Output>
      <ResultFiles>
        <ResultFile path="WebTest1.webtestResult" />
      </ResultFiles>
      <CollectorDataEntries>
        <Collector agentName="TSRV-WIN-ESI-02" uri="datacollector://microsoft/EventLog/1.0" collectorDisplayName="Event Log">
          <UriAttachments>
            <UriAttachment>
              <A href="TSRV-WIN-ESI-02\Event Log.xml">
              </A>
            </UriAttachment>
          </UriAttachments>
        </Collector>
        <Collector agentName="TSRV-WIN-ESI-02" uri="datacollector://microsoft/TraceDebugger/1.0" collectorDisplayName="IntelliTrace">
          <UriAttachments>
            <UriAttachment>
              <A href="TSRV-WIN-ESI-02\QTAgent_40_171201_151114333_2576.iTrace">IntelliTrace file for 'QTAgent_40.exe' (2576)</A>
            </UriAttachment>
          </UriAttachments>
        </Collector>
        <Collector agentName="TSRV-WIN-ESI-02" uri="datacollector://microsoft/SystemInfo/1.0" collectorDisplayName="System Information">
          <UriAttachments>
            <UriAttachment>
              <A href="TSRV-WIN-ESI-02\SystemInformation.xml">System Information from TSRV-WIN-ESI-02</A>
            </UriAttachment>
          </UriAttachments>
        </Collector>
      </CollectorDataEntries>
      <DataCollectorMessages>
        <DataCollectorExceptionMessage timestamp="2017-12-01T15:11:14.6674860+01:00" dataCollectorUri="datacollector://microsoft/VideoRecorder/1.0" dataCollectorFriendlyName="Screen and Voice Recorder" agentName="TSRV-WIN-ESI-02" level="Error">
          <Text>Operation is not valid due to the current state of the object.</Text>
          <ExceptionType>System.InvalidOperationException</ExceptionType>
          <ExceptionMessage>Operation is not valid due to the current state of the object.</ExceptionMessage>
          <StackTrace>   at Microsoft.VisualStudio.TestTools.DataCollection.MediaRecorder.EncoderPool.Release(EncoderAdapter encoder, Boolean reuseEncoder)
   at Microsoft.VisualStudio.TestTools.DataCollection.MediaRecorder.MediaRecorderDataAdapter.&lt;&gt;c__DisplayClass22_0.&lt;OnTestCaseEnd&gt;b__0()
   at Microsoft.VisualStudio.TestTools.DataCollection.MediaRecorder.MediaRecorderDataAdapter.TryCatchAndLogError(DataCollectionContext context, Action action)</StackTrace>
        </DataCollectorExceptionMessage>
      </DataCollectorMessages>
      <TestSettings name="Local" id="7244df3a-b8d4-4d35-867d-f75e916781e3">
        <Description>These are default test settings for a local test run.</Description>
        <Deployment runDeploymentRoot="admssawa_TSRV-WIN-ESI-02 2017-12-01 15_10_51">
          <DeploymentItem filename="C:\ytelse\WebAndLoadTestProject\packages\MSTest.TestFramework.1.1.18\lib\net45\Microsoft.VisualStudio.TestPlatform.TestFramework.dll" />
          <DeploymentItem filename="C:\ytelse\WebAndLoadTestProject\packages\MSTest.TestFramework.1.1.18\lib\net45\Microsoft.VisualStudio.TestPlatform.TestFramework.Extensions.dll" />
          <DeploymentItem filename="C:\ytelse\WebAndLoadTestProject\packages\OWASPZAPDotNetAPI.2.6.1\lib\OWASPZAPDotNetAPI.dll" />
        </Deployment>
        <Execution hostProcessPlatform="MSIL">
          <Hosts skipUnhostableTests="false">
            <VSSDKTestHostRunConfig name="VS IDE" HiveKind="DevEnv" HiveName="15.0" xmlns="http://microsoft.com/schemas/VisualStudio/SDK/Tools/IdeHostAdapter/2006/06" />
          </Hosts>
          <TestTypeSpecific>
            <UnitTestRunConfig testTypeId="13cdc9d9-ddb5-4fa4-a97d-d965ccfc6d4b">
              <AssemblyResolution applicationBaseDirectory="%HOMEDRIVE%\repo\Portal\config">
                <TestDirectory useLoadContext="true" />
              </AssemblyResolution>
            </UnitTestRunConfig>
            <WebTestRunConfiguration testTypeId="4e7599fa-5ecb-43e9-a887-cd63cf72d207">
              <Browser name="Chrome 2" MaxConnections="6">
                <Headers>
                  <Header name="User-Agent" value="Mozilla/5.0 (Windows; U; Windows NT 5.1;) AppleWebKit/530.1 (KHTML, like Gecko) Chrome/2.0.169.1 Safari/530.1" />
                  <Header name="Accept" value="*/*" />
                  <Header name="Accept-Language" value="{{$IEAcceptLanguage}}" />
                  <Header name="Accept-Encoding" value="gzip,deflate" />
                  <Header name="Accept-Charset" value="ISO-8859-1,*,utf-8" />
                </Headers>
              </Browser>
            </WebTestRunConfiguration>
          </TestTypeSpecific>
          <AgentRule name="LocalMachineDefaultRole">
            <DataCollectors>
              <DataCollector uri="datacollector://microsoft/HttpProxy/1.0" assemblyQualifiedName="Microsoft.VisualStudio.TraceCollector.HttpProxyCollector, Microsoft.VisualStudio.TraceCollector, Version=15.0.0.0, Culture=neutral, PublicKeyToken=b03f5f7f11d50a3a" friendlyName="ASP.NET Client Proxy for IntelliTrace and Test Impact">
              </DataCollector>
              <DataCollector uri="datacollector://microsoft/AspNetProfiler/1.0" assemblyQualifiedName="Microsoft.VisualStudio.PerformanceTools.DataCollection.AspNetProfileDataCollector, Microsoft.VisualStudio.PerformanceTools.DataCollection, Version=15.0.0.0, Culture=neutral, PublicKeyToken=b03f5f7f11d50a3a" friendlyName="ASP.NET Profiler">
              </DataCollector>
              <DataCollector uri="datacollector://microsoft/EventLog/1.0" assemblyQualifiedName="Microsoft.VisualStudio.TestTools.DataCollection.EventLog.EventLogDataCollector, Microsoft.VisualStudio.TestTools.DataCollection.EventLog, Version=15.0.0.0, Culture=neutral, PublicKeyToken=b03f5f7f11d50a3a" friendlyName="Event Log">
              </DataCollector>
              <DataCollector uri="datacollector://microsoft/TraceDebugger/1.0" assemblyQualifiedName="Microsoft.VisualStudio.TraceCollector.TraceDebuggerDataCollector, Microsoft.VisualStudio.TraceCollector, Version=15.0.0.0, Culture=neutral, PublicKeyToken=b03f5f7f11d50a3a" friendlyName="IntelliTrace">
              </DataCollector>
              <DataCollector uri="datacollector://microsoft/NetworkEmulation/1.0" assemblyQualifiedName="Microsoft.VisualStudio.TestTools.DataCollection.NetworkEmulation.NetworkEmulationDataCollector, Microsoft.VisualStudio.TestTools.DataCollection.NetworkEmulation, Version=15.0.0.0, Culture=neutral, PublicKeyToken=b03f5f7f11d50a3a" friendlyName="Network Emulation">
              </DataCollector>
              <DataCollector uri="datacollector://microsoft/VideoRecorder/1.0" assemblyQualifiedName="Microsoft.VisualStudio.TestTools.DataCollection.VideoRecorder.VideoRecorderDataCollector, Microsoft.VisualStudio.TestTools.DataCollection.VideoRecorder, Version=15.0.0.0, Culture=neutral, PublicKeyToken=b03f5f7f11d50a3a" friendlyName="Screen and Voice Recorder">
              </DataCollector>
              <DataCollector uri="datacollector://microsoft/SystemInfo/1.0" assemblyQualifiedName="Microsoft.VisualStudio.TestTools.DataCollection.SystemInfo.SystemInfoDataCollector, Microsoft.VisualStudio.TestTools.DataCollection.SystemInfo, Version=15.0.0.0, Culture=neutral, PublicKeyToken=b03f5f7f11d50a3a" friendlyName="System Information">
              </DataCollector>
              <DataCollector uri="datacollector://microsoft/TestImpact/1.0" assemblyQualifiedName="Microsoft.VisualStudio.TraceCollector.TestImpactDataCollector, Microsoft.VisualStudio.TraceCollector, Version=15.0.0.0, Culture=neutral, PublicKeyToken=b03f5f7f11d50a3a" friendlyName="Test Impact">
              </DataCollector>
            </DataCollectors>
          </AgentRule>
        </Execution>
        <Properties>
          <Property name="TestSettingsUIType" value="UnitTest" />
        </Properties>
      </TestSettings>
      <WebTestResultFilePath>admssawa_TSRV-WIN-ESI-02 2017-12-01 15_10_51\In\3d4d7204-d070-4ddd-a484-4dd7c639f1b6\WebTest1.webtestResult</WebTestResultFilePath>
    </WebTestResult>
  </Results>
</TestRun>